[2013-02-27 01:11:02,700] [main] [DEBUG] [com.rapplogic.xbee.api.InputStreamThread] starting packet parser thread 
[2013-02-27 01:11:02,700] [InputStreamThread] [DEBUG] [com.rapplogic.xbee.api.InputStreamThread] No data available.. waiting for new data event 
[2013-02-27 01:11:02,704] [main] [INFO] [com.rapplogic.xbee.api.XBee] Sending request to XBee: apiId=AT_COMMAND (0x08),frameId=1,command=AP,value=null 
[2013-02-27 01:11:02,707] [main] [DEBUG] [com.rapplogic.xbee.api.Checksum] computed checksum is base10=101,base16=0x65,base2=01100101 
[2013-02-27 01:11:02,709] [main] [DEBUG] [com.rapplogic.xbee.api.XBeePacket] Packet: 0x7e 0x00 0x04 0x08 0x01 0x41 0x50 0x65 
[2013-02-27 01:11:02,709] [main] [DEBUG] [com.rapplogic.xbee.api.XBeePacket] pre-escape packet size is 8, post-escape packet size is 8 
[2013-02-27 01:11:02,710] [main] [INFO] [com.rapplogic.xbee.api.XBee] sending packet to XBee 0x7e,0x00,0x04,0x08,0x01,0x41,0x50,0x65 
[2013-02-27 01:11:02,723] [Thread-2] [DEBUG] [com.rapplogic.xbee.RxTxSerialComm] serialEvent: 3 bytes available 
[2013-02-27 01:11:02,724] [Thread-2] [DEBUG] [com.rapplogic.xbee.RxTxSerialComm] Ignoring serial port event type: 1 
[2013-02-27 01:11:02,724] [InputStreamThread] [DEBUG] [com.rapplogic.xbee.api.InputStreamThread] About to read from input stream 
[2013-02-27 01:11:02,724] [InputStreamThread] [DEBUG] [com.rapplogic.xbee.api.InputStreamThread] Read base10=126,base16=0x7e,base2=01111110 from input stream 
[2013-02-27 01:11:02,742] [InputStreamThread] [DEBUG] [com.rapplogic.xbee.api.PacketParser] Read Length MSB byte, val is base10=0,base16=0x00,base2=00000000 
[2013-02-27 01:11:02,742] [InputStreamThread] [DEBUG] [com.rapplogic.xbee.api.PacketParser] Read Length LSB byte, val is base10=6,base16=0x06,base2=00000110 
[2013-02-27 01:11:02,743] [InputStreamThread] [DEBUG] [com.rapplogic.xbee.api.PacketParser] packet length is base10=6,base16=0x06,base2=00000110 
[2013-02-27 01:11:02,743] [InputStreamThread] [DEBUG] [com.rapplogic.xbee.api.PacketParser] Read byte base10=136,base16=0x88,base2=10001000 at position 3, packet length is 6, #escapeBytes is 0, remaining bytes is 6 
[2013-02-27 01:11:02,743] [InputStreamThread] [DEBUG] [com.rapplogic.xbee.api.PacketParser] Read API ID byte, val is base10=136,base16=0x88,base2=10001000 
[2013-02-27 01:11:02,743] [InputStreamThread] [INFO] [com.rapplogic.xbee.api.PacketParser] Handling ApiId: AT_RESPONSE (0x88) 
[2013-02-27 01:11:02,744] [InputStreamThread] [DEBUG] [com.rapplogic.xbee.api.PacketParser] Read byte base10=1,base16=0x01,base2=00000001 at position 4, packet length is 6, #escapeBytes is 0, remaining bytes is 5 
[2013-02-27 01:11:02,744] [InputStreamThread] [DEBUG] [com.rapplogic.xbee.api.PacketParser] Read AT Response Frame Id byte, val is base10=1,base16=0x01,base2=00000001 
[2013-02-27 01:11:02,744] [InputStreamThread] [DEBUG] [com.rapplogic.xbee.api.PacketParser] Read byte base10=65,base16=0x41,base2=01000001 at position 5, packet length is 6, #escapeBytes is 0, remaining bytes is 4 
[2013-02-27 01:11:02,744] [InputStreamThread] [DEBUG] [com.rapplogic.xbee.api.PacketParser] Read AT Response Char 1 byte, val is base10=65,base16=0x41,base2=01000001 
[2013-02-27 01:11:02,744] [InputStreamThread] [DEBUG] [com.rapplogic.xbee.api.PacketParser] Read byte base10=80,base16=0x50,base2=01010000 at position 6, packet length is 6, #escapeBytes is 0, remaining bytes is 3 
[2013-02-27 01:11:02,744] [InputStreamThread] [DEBUG] [com.rapplogic.xbee.api.PacketParser] Read AT Response Char 2 byte, val is base10=80,base16=0x50,base2=01010000 
[2013-02-27 01:11:02,744] [InputStreamThread] [DEBUG] [com.rapplogic.xbee.api.PacketParser] Read byte base10=0,base16=0x00,base2=00000000 at position 7, packet length is 6, #escapeBytes is 0, remaining bytes is 2 
[2013-02-27 01:11:02,745] [InputStreamThread] [DEBUG] [com.rapplogic.xbee.api.PacketParser] Read AT Response Status byte, val is base10=0,base16=0x00,base2=00000000 
[2013-02-27 01:11:02,745] [InputStreamThread] [DEBUG] [com.rapplogic.xbee.api.PacketParser] There are 1 remaining bytes 
[2013-02-27 01:11:02,746] [InputStreamThread] [DEBUG] [com.rapplogic.xbee.api.PacketParser] Read byte base10=2,base16=0x02,base2=00000010 at position 8, packet length is 6, #escapeBytes is 0, remaining bytes is 1 
[2013-02-27 01:11:02,746] [InputStreamThread] [DEBUG] [com.rapplogic.xbee.api.PacketParser] Read Remaining bytes 0 byte, val is base10=2,base16=0x02,base2=00000010 
[2013-02-27 01:11:02,746] [InputStreamThread] [DEBUG] [com.rapplogic.xbee.api.PacketParser] Read byte base10=227,base16=0xe3,base2=11100011 at position 9, packet length is 6, #escapeBytes is 0, remaining bytes is 0 
[2013-02-27 01:11:02,746] [InputStreamThread] [DEBUG] [com.rapplogic.xbee.api.PacketParser] Checksum byte is 227 
[2013-02-27 01:11:02,746] [InputStreamThread] [DEBUG] [com.rapplogic.xbee.api.Checksum] verify checksum is 255 
[2013-02-27 01:11:02,746] [InputStreamThread] [DEBUG] [com.rapplogic.xbee.api.PacketParser] Read Checksum byte, val is base10=227,base16=0xe3,base2=11100011 
[2013-02-27 01:11:02,746] [InputStreamThread] [INFO] [com.rapplogic.xbee.api.InputStreamThread] Received packet from XBee: command=AP,status=OK,value=0x02,apiId=AT_RESPONSE (0x88),length=6,checksum=0xe3,error=false,frameId=0x01 
[2013-02-27 01:11:02,747] [InputStreamThread] [DEBUG] [com.rapplogic.xbee.api.InputStreamThread] Received packet: int[] packet = {0x00, 0x06, 0x88, 0x01, 0x41, 0x50, 0x00, 0x02, 0xe3}; 
[2013-02-27 01:11:02,748] [InputStreamThread] [DEBUG] [com.rapplogic.xbee.api.InputStreamThread] No data available.. waiting for new data event 
[2013-02-27 01:11:02,749] [main] [INFO] [com.rapplogic.xbee.api.XBee] Radio is in correct AP mode (AP=2) 
[2013-02-27 01:11:02,749] [main] [INFO] [com.rapplogic.xbee.api.XBee] Sending request to XBee: apiId=AT_COMMAND (0x08),frameId=1,command=HV,value=null 
[2013-02-27 01:11:02,749] [main] [DEBUG] [com.rapplogic.xbee.api.Checksum] computed checksum is base10=88,base16=0x58,base2=01011000 
[2013-02-27 01:11:02,749] [main] [DEBUG] [com.rapplogic.xbee.api.XBeePacket] Packet: 0x7e 0x00 0x04 0x08 0x01 0x48 0x56 0x58 
[2013-02-27 01:11:02,749] [main] [DEBUG] [com.rapplogic.xbee.api.XBeePacket] pre-escape packet size is 8, post-escape packet size is 8 
[2013-02-27 01:11:02,749] [main] [INFO] [com.rapplogic.xbee.api.XBee] sending packet to XBee 0x7e,0x00,0x04,0x08,0x01,0x48,0x56,0x58 
[2013-02-27 01:11:02,777] [Thread-2] [DEBUG] [com.rapplogic.xbee.RxTxSerialComm] serialEvent: 10 bytes available 
[2013-02-27 01:11:02,777] [Thread-2] [DEBUG] [com.rapplogic.xbee.RxTxSerialComm] Ignoring serial port event type: 1 
[2013-02-27 01:11:02,777] [InputStreamThread] [DEBUG] [com.rapplogic.xbee.api.InputStreamThread] About to read from input stream 
[2013-02-27 01:11:02,777] [InputStreamThread] [DEBUG] [com.rapplogic.xbee.api.InputStreamThread] Read base10=126,base16=0x7e,base2=01111110 from input stream 
[2013-02-27 01:11:02,778] [InputStreamThread] [DEBUG] [com.rapplogic.xbee.api.PacketParser] Read Length MSB byte, val is base10=0,base16=0x00,base2=00000000 
[2013-02-27 01:11:02,778] [InputStreamThread] [DEBUG] [com.rapplogic.xbee.api.PacketParser] Read Length LSB byte, val is base10=7,base16=0x07,base2=00000111 
[2013-02-27 01:11:02,778] [InputStreamThread] [DEBUG] [com.rapplogic.xbee.api.PacketParser] packet length is base10=7,base16=0x07,base2=00000111 
[2013-02-27 01:11:02,778] [InputStreamThread] [DEBUG] [com.rapplogic.xbee.api.PacketParser] Read byte base10=136,base16=0x88,base2=10001000 at position 3, packet length is 7, #escapeBytes is 0, remaining bytes is 7 
[2013-02-27 01:11:02,778] [InputStreamThread] [DEBUG] [com.rapplogic.xbee.api.PacketParser] Read API ID byte, val is base10=136,base16=0x88,base2=10001000 
[2013-02-27 01:11:02,778] [InputStreamThread] [INFO] [com.rapplogic.xbee.api.PacketParser] Handling ApiId: AT_RESPONSE (0x88) 
[2013-02-27 01:11:02,778] [InputStreamThread] [DEBUG] [com.rapplogic.xbee.api.PacketParser] Read byte base10=1,base16=0x01,base2=00000001 at position 4, packet length is 7, #escapeBytes is 0, remaining bytes is 6 
[2013-02-27 01:11:02,778] [InputStreamThread] [DEBUG] [com.rapplogic.xbee.api.PacketParser] Read AT Response Frame Id byte, val is base10=1,base16=0x01,base2=00000001 
[2013-02-27 01:11:02,779] [InputStreamThread] [DEBUG] [com.rapplogic.xbee.api.PacketParser] Read byte base10=72,base16=0x48,base2=01001000 at position 5, packet length is 7, #escapeBytes is 0, remaining bytes is 5 
[2013-02-27 01:11:02,779] [InputStreamThread] [DEBUG] [com.rapplogic.xbee.api.PacketParser] Read AT Response Char 1 byte, val is base10=72,base16=0x48,base2=01001000 
[2013-02-27 01:11:02,779] [InputStreamThread] [DEBUG] [com.rapplogic.xbee.api.PacketParser] Read byte base10=86,base16=0x56,base2=01010110 at position 6, packet length is 7, #escapeBytes is 0, remaining bytes is 4 
[2013-02-27 01:11:02,779] [InputStreamThread] [DEBUG] [com.rapplogic.xbee.api.PacketParser] Read AT Response Char 2 byte, val is base10=86,base16=0x56,base2=01010110 
[2013-02-27 01:11:02,779] [InputStreamThread] [DEBUG] [com.rapplogic.xbee.api.PacketParser] Read byte base10=0,base16=0x00,base2=00000000 at position 7, packet length is 7, #escapeBytes is 0, remaining bytes is 3 
[2013-02-27 01:11:02,779] [InputStreamThread] [DEBUG] [com.rapplogic.xbee.api.PacketParser] Read AT Response Status byte, val is base10=0,base16=0x00,base2=00000000 
[2013-02-27 01:11:02,779] [InputStreamThread] [DEBUG] [com.rapplogic.xbee.api.PacketParser] There are 2 remaining bytes 
[2013-02-27 01:11:02,779] [InputStreamThread] [DEBUG] [com.rapplogic.xbee.api.PacketParser] Read byte base10=23,base16=0x17,base2=00010111 at position 8, packet length is 7, #escapeBytes is 0, remaining bytes is 2 
[2013-02-27 01:11:02,779] [InputStreamThread] [DEBUG] [com.rapplogic.xbee.api.PacketParser] Read Remaining bytes 0 byte, val is base10=23,base16=0x17,base2=00010111 
[2013-02-27 01:11:02,780] [InputStreamThread] [DEBUG] [com.rapplogic.xbee.api.PacketParser] Read byte base10=67,base16=0x43,base2=01000011 at position 9, packet length is 7, #escapeBytes is 0, remaining bytes is 1 
[2013-02-27 01:11:02,780] [InputStreamThread] [DEBUG] [com.rapplogic.xbee.api.PacketParser] Read Remaining bytes 1 byte, val is base10=67,base16=0x43,base2=01000011 
[2013-02-27 01:11:02,798] [InputStreamThread] [DEBUG] [com.rapplogic.xbee.api.PacketParser] Read special byte that needs to be unescaped 
[2013-02-27 01:11:02,798] [InputStreamThread] [DEBUG] [com.rapplogic.xbee.api.PacketParser] found escape byte 
[2013-02-27 01:11:02,799] [InputStreamThread] [DEBUG] [com.rapplogic.xbee.api.PacketParser] next byte is base10=94,base16=0x5e,base2=01011110 
[2013-02-27 01:11:02,800] [InputStreamThread] [DEBUG] [com.rapplogic.xbee.api.PacketParser] unescaped (xor) byte is base10=126,base16=0x7e,base2=01111110 
[2013-02-27 01:11:02,800] [InputStreamThread] [DEBUG] [com.rapplogic.xbee.api.PacketParser] Read byte base10=126,base16=0x7e,base2=01111110 at position 10, packet length is 7, #escapeBytes is 1, remaining bytes is 0 
[2013-02-27 01:11:02,800] [InputStreamThread] [DEBUG] [com.rapplogic.xbee.api.PacketParser] Checksum byte is 126 
[2013-02-27 01:11:02,800] [InputStreamThread] [DEBUG] [com.rapplogic.xbee.api.Checksum] verify checksum is 255 
[2013-02-27 01:11:02,800] [InputStreamThread] [DEBUG] [com.rapplogic.xbee.api.PacketParser] Read Checksum byte, val is base10=126,base16=0x7e,base2=01111110 
[2013-02-27 01:11:02,800] [InputStreamThread] [INFO] [com.rapplogic.xbee.api.InputStreamThread] Received packet from XBee: command=HV,status=OK,value=0x17,0x43,apiId=AT_RESPONSE (0x88),length=7,checksum=0x7e,error=false,frameId=0x01 
[2013-02-27 01:11:02,800] [InputStreamThread] [DEBUG] [com.rapplogic.xbee.api.InputStreamThread] Received packet: int[] packet = {0x00, 0x07, 0x88, 0x01, 0x48, 0x56, 0x00, 0x17, 0x43, 0x7d, 0x5e}; 
[2013-02-27 01:11:02,801] [InputStreamThread] [DEBUG] [com.rapplogic.xbee.api.InputStreamThread] No data available.. waiting for new data event 
[2013-02-27 01:11:02,801] [main] [INFO] [com.rapplogic.xbee.api.XBee] XBee radio is Series 1 
[2013-02-27 01:11:02,801] [main] [INFO] [com.rapplogic.xbee.api.XBee] Sending request to XBee: apiId=AT_COMMAND (0x08),frameId=1,command=VR,value=null 
[2013-02-27 01:11:02,802] [main] [DEBUG] [com.rapplogic.xbee.api.Checksum] computed checksum is base10=78,base16=0x4e,base2=01001110 
[2013-02-27 01:11:02,802] [main] [DEBUG] [com.rapplogic.xbee.api.XBeePacket] Packet: 0x7e 0x00 0x04 0x08 0x01 0x56 0x52 0x4e 
[2013-02-27 01:11:02,802] [main] [DEBUG] [com.rapplogic.xbee.api.XBeePacket] pre-escape packet size is 8, post-escape packet size is 8 
[2013-02-27 01:11:02,802] [main] [INFO] [com.rapplogic.xbee.api.XBee] sending packet to XBee 0x7e,0x00,0x04,0x08,0x01,0x56,0x52,0x4e 
[2013-02-27 01:11:02,819] [Thread-2] [DEBUG] [com.rapplogic.xbee.RxTxSerialComm] serialEvent: 5 bytes available 
[2013-02-27 01:11:02,819] [Thread-2] [DEBUG] [com.rapplogic.xbee.RxTxSerialComm] Ignoring serial port event type: 1 
[2013-02-27 01:11:02,819] [InputStreamThread] [DEBUG] [com.rapplogic.xbee.api.InputStreamThread] About to read from input stream 
[2013-02-27 01:11:02,819] [InputStreamThread] [DEBUG] [com.rapplogic.xbee.api.InputStreamThread] Read base10=126,base16=0x7e,base2=01111110 from input stream 
[2013-02-27 01:11:02,820] [InputStreamThread] [DEBUG] [com.rapplogic.xbee.api.PacketParser] Read Length MSB byte, val is base10=0,base16=0x00,base2=00000000 
[2013-02-27 01:11:02,820] [InputStreamThread] [DEBUG] [com.rapplogic.xbee.api.PacketParser] Read Length LSB byte, val is base10=7,base16=0x07,base2=00000111 
[2013-02-27 01:11:02,820] [InputStreamThread] [DEBUG] [com.rapplogic.xbee.api.PacketParser] packet length is base10=7,base16=0x07,base2=00000111 
[2013-02-27 01:11:02,820] [InputStreamThread] [DEBUG] [com.rapplogic.xbee.api.PacketParser] Read byte base10=136,base16=0x88,base2=10001000 at position 3, packet length is 7, #escapeBytes is 0, remaining bytes is 7 
[2013-02-27 01:11:02,820] [InputStreamThread] [DEBUG] [com.rapplogic.xbee.api.PacketParser] Read API ID byte, val is base10=136,base16=0x88,base2=10001000 
[2013-02-27 01:11:02,820] [InputStreamThread] [INFO] [com.rapplogic.xbee.api.PacketParser] Handling ApiId: AT_RESPONSE (0x88) 
[2013-02-27 01:11:02,820] [InputStreamThread] [DEBUG] [com.rapplogic.xbee.api.PacketParser] Read byte base10=1,base16=0x01,base2=00000001 at position 4, packet length is 7, #escapeBytes is 0, remaining bytes is 6 
[2013-02-27 01:11:02,820] [InputStreamThread] [DEBUG] [com.rapplogic.xbee.api.PacketParser] Read AT Response Frame Id byte, val is base10=1,base16=0x01,base2=00000001 
[2013-02-27 01:11:02,836] [InputStreamThread] [DEBUG] [com.rapplogic.xbee.api.PacketParser] Read byte base10=86,base16=0x56,base2=01010110 at position 5, packet length is 7, #escapeBytes is 0, remaining bytes is 5 
[2013-02-27 01:11:02,836] [InputStreamThread] [DEBUG] [com.rapplogic.xbee.api.PacketParser] Read AT Response Char 1 byte, val is base10=86,base16=0x56,base2=01010110 
[2013-02-27 01:11:02,836] [InputStreamThread] [DEBUG] [com.rapplogic.xbee.api.PacketParser] Read byte base10=82,base16=0x52,base2=01010010 at position 6, packet length is 7, #escapeBytes is 0, remaining bytes is 4 
[2013-02-27 01:11:02,837] [InputStreamThread] [DEBUG] [com.rapplogic.xbee.api.PacketParser] Read AT Response Char 2 byte, val is base10=82,base16=0x52,base2=01010010 
[2013-02-27 01:11:02,837] [InputStreamThread] [DEBUG] [com.rapplogic.xbee.api.PacketParser] Read byte base10=0,base16=0x00,base2=00000000 at position 7, packet length is 7, #escapeBytes is 0, remaining bytes is 3 
[2013-02-27 01:11:02,837] [InputStreamThread] [DEBUG] [com.rapplogic.xbee.api.PacketParser] Read AT Response Status byte, val is base10=0,base16=0x00,base2=00000000 
[2013-02-27 01:11:02,837] [InputStreamThread] [DEBUG] [com.rapplogic.xbee.api.PacketParser] There are 2 remaining bytes 
[2013-02-27 01:11:02,837] [InputStreamThread] [DEBUG] [com.rapplogic.xbee.api.PacketParser] Read byte base10=16,base16=0x10,base2=00010000 at position 8, packet length is 7, #escapeBytes is 0, remaining bytes is 2 
[2013-02-27 01:11:02,837] [InputStreamThread] [DEBUG] [com.rapplogic.xbee.api.PacketParser] Read Remaining bytes 0 byte, val is base10=16,base16=0x10,base2=00010000 
[2013-02-27 01:11:02,837] [InputStreamThread] [DEBUG] [com.rapplogic.xbee.api.PacketParser] Read byte base10=236,base16=0xec,base2=11101100 at position 9, packet length is 7, #escapeBytes is 0, remaining bytes is 1 
[2013-02-27 01:11:02,837] [InputStreamThread] [DEBUG] [com.rapplogic.xbee.api.PacketParser] Read Remaining bytes 1 byte, val is base10=236,base16=0xec,base2=11101100 
[2013-02-27 01:11:02,838] [InputStreamThread] [DEBUG] [com.rapplogic.xbee.api.PacketParser] Read byte base10=210,base16=0xd2,base2=11010010 at position 10, packet length is 7, #escapeBytes is 0, remaining bytes is 0 
[2013-02-27 01:11:02,838] [InputStreamThread] [DEBUG] [com.rapplogic.xbee.api.PacketParser] Checksum byte is 210 
[2013-02-27 01:11:02,838] [InputStreamThread] [DEBUG] [com.rapplogic.xbee.api.Checksum] verify checksum is 255 
[2013-02-27 01:11:02,838] [InputStreamThread] [DEBUG] [com.rapplogic.xbee.api.PacketParser] Read Checksum byte, val is base10=210,base16=0xd2,base2=11010010 
[2013-02-27 01:11:02,838] [InputStreamThread] [INFO] [com.rapplogic.xbee.api.InputStreamThread] Received packet from XBee: command=VR,status=OK,value=0x10,0xec,apiId=AT_RESPONSE (0x88),length=7,checksum=0xd2,error=false,frameId=0x01 
[2013-02-27 01:11:02,838] [InputStreamThread] [DEBUG] [com.rapplogic.xbee.api.InputStreamThread] Received packet: int[] packet = {0x00, 0x07, 0x88, 0x01, 0x56, 0x52, 0x00, 0x10, 0xec, 0xd2}; 
[2013-02-27 01:11:02,838] [main] [INFO] [com.rapplogic.xbee.api.XBee] Firmware version is 0x10,0xec 
[2013-02-27 01:11:02,839] [InputStreamThread] [DEBUG] [com.rapplogic.xbee.api.InputStreamThread] No data available.. waiting for new data event 
[2013-02-27 01:11:25,223] [Thread-1] [INFO] [com.rapplogic.xbee.api.XBee] ShutdownHook is closing connection 
[2013-02-27 01:13:49,540] [main] [DEBUG] [com.rapplogic.xbee.api.InputStreamThread] starting packet parser thread 
[2013-02-27 01:13:49,540] [InputStreamThread] [DEBUG] [com.rapplogic.xbee.api.InputStreamThread] No data available.. waiting for new data event 
[2013-02-27 01:13:49,545] [main] [INFO] [com.rapplogic.xbee.api.XBee] Sending request to XBee: apiId=AT_COMMAND (0x08),frameId=1,command=AP,value=null 
[2013-02-27 01:13:49,547] [main] [DEBUG] [com.rapplogic.xbee.api.Checksum] computed checksum is base10=101,base16=0x65,base2=01100101 
[2013-02-27 01:13:49,549] [main] [DEBUG] [com.rapplogic.xbee.api.XBeePacket] Packet: 0x7e 0x00 0x04 0x08 0x01 0x41 0x50 0x65 
[2013-02-27 01:13:49,549] [main] [DEBUG] [com.rapplogic.xbee.api.XBeePacket] pre-escape packet size is 8, post-escape packet size is 8 
[2013-02-27 01:13:49,549] [main] [INFO] [com.rapplogic.xbee.api.XBee] sending packet to XBee 0x7e,0x00,0x04,0x08,0x01,0x41,0x50,0x65 
[2013-02-27 01:13:49,572] [Thread-2] [DEBUG] [com.rapplogic.xbee.RxTxSerialComm] serialEvent: 10 bytes available 
[2013-02-27 01:13:49,573] [Thread-2] [DEBUG] [com.rapplogic.xbee.RxTxSerialComm] Ignoring serial port event type: 1 
[2013-02-27 01:13:49,573] [InputStreamThread] [DEBUG] [com.rapplogic.xbee.api.InputStreamThread] About to read from input stream 
[2013-02-27 01:13:49,573] [InputStreamThread] [DEBUG] [com.rapplogic.xbee.api.InputStreamThread] Read base10=126,base16=0x7e,base2=01111110 from input stream 
[2013-02-27 01:13:49,586] [InputStreamThread] [DEBUG] [com.rapplogic.xbee.api.PacketParser] Read Length MSB byte, val is base10=0,base16=0x00,base2=00000000 
[2013-02-27 01:13:49,587] [InputStreamThread] [DEBUG] [com.rapplogic.xbee.api.PacketParser] Read Length LSB byte, val is base10=6,base16=0x06,base2=00000110 
[2013-02-27 01:13:49,587] [InputStreamThread] [DEBUG] [com.rapplogic.xbee.api.PacketParser] packet length is base10=6,base16=0x06,base2=00000110 
[2013-02-27 01:13:49,587] [InputStreamThread] [DEBUG] [com.rapplogic.xbee.api.PacketParser] Read byte base10=136,base16=0x88,base2=10001000 at position 3, packet length is 6, #escapeBytes is 0, remaining bytes is 6 
[2013-02-27 01:13:49,587] [InputStreamThread] [DEBUG] [com.rapplogic.xbee.api.PacketParser] Read API ID byte, val is base10=136,base16=0x88,base2=10001000 
[2013-02-27 01:13:49,587] [InputStreamThread] [INFO] [com.rapplogic.xbee.api.PacketParser] Handling ApiId: AT_RESPONSE (0x88) 
[2013-02-27 01:13:49,588] [InputStreamThread] [DEBUG] [com.rapplogic.xbee.api.PacketParser] Read byte base10=1,base16=0x01,base2=00000001 at position 4, packet length is 6, #escapeBytes is 0, remaining bytes is 5 
[2013-02-27 01:13:49,588] [InputStreamThread] [DEBUG] [com.rapplogic.xbee.api.PacketParser] Read AT Response Frame Id byte, val is base10=1,base16=0x01,base2=00000001 
[2013-02-27 01:13:49,588] [InputStreamThread] [DEBUG] [com.rapplogic.xbee.api.PacketParser] Read byte base10=65,base16=0x41,base2=01000001 at position 5, packet length is 6, #escapeBytes is 0, remaining bytes is 4 
[2013-02-27 01:13:49,588] [InputStreamThread] [DEBUG] [com.rapplogic.xbee.api.PacketParser] Read AT Response Char 1 byte, val is base10=65,base16=0x41,base2=01000001 
[2013-02-27 01:13:49,588] [InputStreamThread] [DEBUG] [com.rapplogic.xbee.api.PacketParser] Read byte base10=80,base16=0x50,base2=01010000 at position 6, packet length is 6, #escapeBytes is 0, remaining bytes is 3 
[2013-02-27 01:13:49,588] [InputStreamThread] [DEBUG] [com.rapplogic.xbee.api.PacketParser] Read AT Response Char 2 byte, val is base10=80,base16=0x50,base2=01010000 
[2013-02-27 01:13:49,589] [InputStreamThread] [DEBUG] [com.rapplogic.xbee.api.PacketParser] Read byte base10=0,base16=0x00,base2=00000000 at position 7, packet length is 6, #escapeBytes is 0, remaining bytes is 2 
[2013-02-27 01:13:49,589] [InputStreamThread] [DEBUG] [com.rapplogic.xbee.api.PacketParser] Read AT Response Status byte, val is base10=0,base16=0x00,base2=00000000 
[2013-02-27 01:13:49,589] [InputStreamThread] [DEBUG] [com.rapplogic.xbee.api.PacketParser] There are 1 remaining bytes 
[2013-02-27 01:13:49,590] [InputStreamThread] [DEBUG] [com.rapplogic.xbee.api.PacketParser] Read byte base10=2,base16=0x02,base2=00000010 at position 8, packet length is 6, #escapeBytes is 0, remaining bytes is 1 
[2013-02-27 01:13:49,590] [InputStreamThread] [DEBUG] [com.rapplogic.xbee.api.PacketParser] Read Remaining bytes 0 byte, val is base10=2,base16=0x02,base2=00000010 
[2013-02-27 01:13:49,590] [InputStreamThread] [DEBUG] [com.rapplogic.xbee.api.PacketParser] Read byte base10=227,base16=0xe3,base2=11100011 at position 9, packet length is 6, #escapeBytes is 0, remaining bytes is 0 
[2013-02-27 01:13:49,590] [InputStreamThread] [DEBUG] [com.rapplogic.xbee.api.PacketParser] Checksum byte is 227 
[2013-02-27 01:13:49,590] [InputStreamThread] [DEBUG] [com.rapplogic.xbee.api.Checksum] verify checksum is 255 
[2013-02-27 01:13:49,590] [InputStreamThread] [DEBUG] [com.rapplogic.xbee.api.PacketParser] Read Checksum byte, val is base10=227,base16=0xe3,base2=11100011 
[2013-02-27 01:13:49,591] [InputStreamThread] [INFO] [com.rapplogic.xbee.api.InputStreamThread] Received packet from XBee: command=AP,status=OK,value=0x02,apiId=AT_RESPONSE (0x88),length=6,checksum=0xe3,error=false,frameId=0x01 
[2013-02-27 01:13:49,591] [InputStreamThread] [DEBUG] [com.rapplogic.xbee.api.InputStreamThread] Received packet: int[] packet = {0x00, 0x06, 0x88, 0x01, 0x41, 0x50, 0x00, 0x02, 0xe3}; 
[2013-02-27 01:13:49,593] [InputStreamThread] [DEBUG] [com.rapplogic.xbee.api.InputStreamThread] No data available.. waiting for new data event 
[2013-02-27 01:13:49,593] [main] [INFO] [com.rapplogic.xbee.api.XBee] Radio is in correct AP mode (AP=2) 
[2013-02-27 01:13:49,593] [main] [INFO] [com.rapplogic.xbee.api.XBee] Sending request to XBee: apiId=AT_COMMAND (0x08),frameId=1,command=HV,value=null 
[2013-02-27 01:13:49,594] [main] [DEBUG] [com.rapplogic.xbee.api.Checksum] computed checksum is base10=88,base16=0x58,base2=01011000 
[2013-02-27 01:13:49,594] [main] [DEBUG] [com.rapplogic.xbee.api.XBeePacket] Packet: 0x7e 0x00 0x04 0x08 0x01 0x48 0x56 0x58 
[2013-02-27 01:13:49,594] [main] [DEBUG] [com.rapplogic.xbee.api.XBeePacket] pre-escape packet size is 8, post-escape packet size is 8 
[2013-02-27 01:13:49,594] [main] [INFO] [com.rapplogic.xbee.api.XBee] sending packet to XBee 0x7e,0x00,0x04,0x08,0x01,0x48,0x56,0x58 
[2013-02-27 01:13:49,620] [Thread-2] [DEBUG] [com.rapplogic.xbee.RxTxSerialComm] serialEvent: 12 bytes available 
[2013-02-27 01:13:49,620] [Thread-2] [DEBUG] [com.rapplogic.xbee.RxTxSerialComm] Ignoring serial port event type: 1 
[2013-02-27 01:13:49,620] [InputStreamThread] [DEBUG] [com.rapplogic.xbee.api.InputStreamThread] About to read from input stream 
[2013-02-27 01:13:49,620] [InputStreamThread] [DEBUG] [com.rapplogic.xbee.api.InputStreamThread] Read base10=126,base16=0x7e,base2=01111110 from input stream 
[2013-02-27 01:13:49,620] [InputStreamThread] [DEBUG] [com.rapplogic.xbee.api.PacketParser] Read Length MSB byte, val is base10=0,base16=0x00,base2=00000000 
[2013-02-27 01:13:49,620] [InputStreamThread] [DEBUG] [com.rapplogic.xbee.api.PacketParser] Read Length LSB byte, val is base10=7,base16=0x07,base2=00000111 
[2013-02-27 01:13:49,621] [InputStreamThread] [DEBUG] [com.rapplogic.xbee.api.PacketParser] packet length is base10=7,base16=0x07,base2=00000111 
[2013-02-27 01:13:49,621] [InputStreamThread] [DEBUG] [com.rapplogic.xbee.api.PacketParser] Read byte base10=136,base16=0x88,base2=10001000 at position 3, packet length is 7, #escapeBytes is 0, remaining bytes is 7 
[2013-02-27 01:13:49,621] [InputStreamThread] [DEBUG] [com.rapplogic.xbee.api.PacketParser] Read API ID byte, val is base10=136,base16=0x88,base2=10001000 
[2013-02-27 01:13:49,621] [InputStreamThread] [INFO] [com.rapplogic.xbee.api.PacketParser] Handling ApiId: AT_RESPONSE (0x88) 
[2013-02-27 01:13:49,621] [InputStreamThread] [DEBUG] [com.rapplogic.xbee.api.PacketParser] Read byte base10=1,base16=0x01,base2=00000001 at position 4, packet length is 7, #escapeBytes is 0, remaining bytes is 6 
[2013-02-27 01:13:49,621] [InputStreamThread] [DEBUG] [com.rapplogic.xbee.api.PacketParser] Read AT Response Frame Id byte, val is base10=1,base16=0x01,base2=00000001 
[2013-02-27 01:13:49,621] [InputStreamThread] [DEBUG] [com.rapplogic.xbee.api.PacketParser] Read byte base10=72,base16=0x48,base2=01001000 at position 5, packet length is 7, #escapeBytes is 0, remaining bytes is 5 
[2013-02-27 01:13:49,621] [InputStreamThread] [DEBUG] [com.rapplogic.xbee.api.PacketParser] Read AT Response Char 1 byte, val is base10=72,base16=0x48,base2=01001000 
[2013-02-27 01:13:49,622] [InputStreamThread] [DEBUG] [com.rapplogic.xbee.api.PacketParser] Read byte base10=86,base16=0x56,base2=01010110 at position 6, packet length is 7, #escapeBytes is 0, remaining bytes is 4 
[2013-02-27 01:13:49,622] [InputStreamThread] [DEBUG] [com.rapplogic.xbee.api.PacketParser] Read AT Response Char 2 byte, val is base10=86,base16=0x56,base2=01010110 
[2013-02-27 01:13:49,622] [InputStreamThread] [DEBUG] [com.rapplogic.xbee.api.PacketParser] Read byte base10=0,base16=0x00,base2=00000000 at position 7, packet length is 7, #escapeBytes is 0, remaining bytes is 3 
[2013-02-27 01:13:49,622] [InputStreamThread] [DEBUG] [com.rapplogic.xbee.api.PacketParser] Read AT Response Status byte, val is base10=0,base16=0x00,base2=00000000 
[2013-02-27 01:13:49,622] [InputStreamThread] [DEBUG] [com.rapplogic.xbee.api.PacketParser] There are 2 remaining bytes 
[2013-02-27 01:13:49,622] [InputStreamThread] [DEBUG] [com.rapplogic.xbee.api.PacketParser] Read byte base10=23,base16=0x17,base2=00010111 at position 8, packet length is 7, #escapeBytes is 0, remaining bytes is 2 
[2013-02-27 01:13:49,622] [InputStreamThread] [DEBUG] [com.rapplogic.xbee.api.PacketParser] Read Remaining bytes 0 byte, val is base10=23,base16=0x17,base2=00010111 
[2013-02-27 01:13:49,622] [InputStreamThread] [DEBUG] [com.rapplogic.xbee.api.PacketParser] Read byte base10=67,base16=0x43,base2=01000011 at position 9, packet length is 7, #escapeBytes is 0, remaining bytes is 1 
[2013-02-27 01:13:49,622] [InputStreamThread] [DEBUG] [com.rapplogic.xbee.api.PacketParser] Read Remaining bytes 1 byte, val is base10=67,base16=0x43,base2=01000011 
[2013-02-27 01:13:49,623] [InputStreamThread] [DEBUG] [com.rapplogic.xbee.api.PacketParser] Read special byte that needs to be unescaped 
[2013-02-27 01:13:49,623] [InputStreamThread] [DEBUG] [com.rapplogic.xbee.api.PacketParser] found escape byte 
[2013-02-27 01:13:49,623] [InputStreamThread] [DEBUG] [com.rapplogic.xbee.api.PacketParser] next byte is base10=94,base16=0x5e,base2=01011110 
[2013-02-27 01:13:49,623] [InputStreamThread] [DEBUG] [com.rapplogic.xbee.api.PacketParser] unescaped (xor) byte is base10=126,base16=0x7e,base2=01111110 
[2013-02-27 01:13:49,623] [InputStreamThread] [DEBUG] [com.rapplogic.xbee.api.PacketParser] Read byte base10=126,base16=0x7e,base2=01111110 at position 10, packet length is 7, #escapeBytes is 1, remaining bytes is 0 
[2013-02-27 01:13:49,623] [InputStreamThread] [DEBUG] [com.rapplogic.xbee.api.PacketParser] Checksum byte is 126 
[2013-02-27 01:13:49,623] [InputStreamThread] [DEBUG] [com.rapplogic.xbee.api.Checksum] verify checksum is 255 
[2013-02-27 01:13:49,623] [InputStreamThread] [DEBUG] [com.rapplogic.xbee.api.PacketParser] Read Checksum byte, val is base10=126,base16=0x7e,base2=01111110 
[2013-02-27 01:13:49,624] [InputStreamThread] [INFO] [com.rapplogic.xbee.api.InputStreamThread] Received packet from XBee: command=HV,status=OK,value=0x17,0x43,apiId=AT_RESPONSE (0x88),length=7,checksum=0x7e,error=false,frameId=0x01 
[2013-02-27 01:13:49,624] [InputStreamThread] [DEBUG] [com.rapplogic.xbee.api.InputStreamThread] Received packet: int[] packet = {0x00, 0x07, 0x88, 0x01, 0x48, 0x56, 0x00, 0x17, 0x43, 0x7d, 0x5e}; 
[2013-02-27 01:13:49,624] [main] [INFO] [com.rapplogic.xbee.api.XBee] XBee radio is Series 1 
[2013-02-27 01:13:49,624] [main] [INFO] [com.rapplogic.xbee.api.XBee] Sending request to XBee: apiId=AT_COMMAND (0x08),frameId=1,command=VR,value=null 
[2013-02-27 01:13:49,624] [main] [DEBUG] [com.rapplogic.xbee.api.Checksum] computed checksum is base10=78,base16=0x4e,base2=01001110 
[2013-02-27 01:13:49,624] [main] [DEBUG] [com.rapplogic.xbee.api.XBeePacket] Packet: 0x7e 0x00 0x04 0x08 0x01 0x56 0x52 0x4e 
[2013-02-27 01:13:49,625] [main] [DEBUG] [com.rapplogic.xbee.api.XBeePacket] pre-escape packet size is 8, post-escape packet size is 8 
[2013-02-27 01:13:49,625] [main] [INFO] [com.rapplogic.xbee.api.XBee] sending packet to XBee 0x7e,0x00,0x04,0x08,0x01,0x56,0x52,0x4e 
[2013-02-27 01:13:49,624] [InputStreamThread] [DEBUG] [com.rapplogic.xbee.api.InputStreamThread] No data available.. waiting for new data event 
[2013-02-27 01:13:49,652] [Thread-2] [DEBUG] [com.rapplogic.xbee.RxTxSerialComm] serialEvent: 11 bytes available 
[2013-02-27 01:13:49,652] [Thread-2] [DEBUG] [com.rapplogic.xbee.RxTxSerialComm] Ignoring serial port event type: 1 
[2013-02-27 01:13:49,652] [InputStreamThread] [DEBUG] [com.rapplogic.xbee.api.InputStreamThread] About to read from input stream 
[2013-02-27 01:13:49,652] [InputStreamThread] [DEBUG] [com.rapplogic.xbee.api.InputStreamThread] Read base10=126,base16=0x7e,base2=01111110 from input stream 
[2013-02-27 01:13:49,652] [InputStreamThread] [DEBUG] [com.rapplogic.xbee.api.PacketParser] Read Length MSB byte, val is base10=0,base16=0x00,base2=00000000 
[2013-02-27 01:13:49,653] [InputStreamThread] [DEBUG] [com.rapplogic.xbee.api.PacketParser] Read Length LSB byte, val is base10=7,base16=0x07,base2=00000111 
[2013-02-27 01:13:49,654] [InputStreamThread] [DEBUG] [com.rapplogic.xbee.api.PacketParser] packet length is base10=7,base16=0x07,base2=00000111 
[2013-02-27 01:13:49,654] [InputStreamThread] [DEBUG] [com.rapplogic.xbee.api.PacketParser] Read byte base10=136,base16=0x88,base2=10001000 at position 3, packet length is 7, #escapeBytes is 0, remaining bytes is 7 
[2013-02-27 01:13:49,654] [InputStreamThread] [DEBUG] [com.rapplogic.xbee.api.PacketParser] Read API ID byte, val is base10=136,base16=0x88,base2=10001000 
[2013-02-27 01:13:49,654] [InputStreamThread] [INFO] [com.rapplogic.xbee.api.PacketParser] Handling ApiId: AT_RESPONSE (0x88) 
[2013-02-27 01:13:49,654] [InputStreamThread] [DEBUG] [com.rapplogic.xbee.api.PacketParser] Read byte base10=1,base16=0x01,base2=00000001 at position 4, packet length is 7, #escapeBytes is 0, remaining bytes is 6 
[2013-02-27 01:13:49,655] [InputStreamThread] [DEBUG] [com.rapplogic.xbee.api.PacketParser] Read AT Response Frame Id byte, val is base10=1,base16=0x01,base2=00000001 
[2013-02-27 01:13:49,655] [InputStreamThread] [DEBUG] [com.rapplogic.xbee.api.PacketParser] Read byte base10=86,base16=0x56,base2=01010110 at position 5, packet length is 7, #escapeBytes is 0, remaining bytes is 5 
[2013-02-27 01:13:49,655] [InputStreamThread] [DEBUG] [com.rapplogic.xbee.api.PacketParser] Read AT Response Char 1 byte, val is base10=86,base16=0x56,base2=01010110 
[2013-02-27 01:13:49,655] [InputStreamThread] [DEBUG] [com.rapplogic.xbee.api.PacketParser] Read byte base10=82,base16=0x52,base2=01010010 at position 6, packet length is 7, #escapeBytes is 0, remaining bytes is 4 
[2013-02-27 01:13:49,655] [InputStreamThread] [DEBUG] [com.rapplogic.xbee.api.PacketParser] Read AT Response Char 2 byte, val is base10=82,base16=0x52,base2=01010010 
[2013-02-27 01:13:49,655] [InputStreamThread] [DEBUG] [com.rapplogic.xbee.api.PacketParser] Read byte base10=0,base16=0x00,base2=00000000 at position 7, packet length is 7, #escapeBytes is 0, remaining bytes is 3 
[2013-02-27 01:13:49,655] [InputStreamThread] [DEBUG] [com.rapplogic.xbee.api.PacketParser] Read AT Response Status byte, val is base10=0,base16=0x00,base2=00000000 
[2013-02-27 01:13:49,655] [InputStreamThread] [DEBUG] [com.rapplogic.xbee.api.PacketParser] There are 2 remaining bytes 
[2013-02-27 01:13:49,656] [InputStreamThread] [DEBUG] [com.rapplogic.xbee.api.PacketParser] Read byte base10=16,base16=0x10,base2=00010000 at position 8, packet length is 7, #escapeBytes is 0, remaining bytes is 2 
[2013-02-27 01:13:49,656] [InputStreamThread] [DEBUG] [com.rapplogic.xbee.api.PacketParser] Read Remaining bytes 0 byte, val is base10=16,base16=0x10,base2=00010000 
[2013-02-27 01:13:49,656] [InputStreamThread] [DEBUG] [com.rapplogic.xbee.api.PacketParser] Read byte base10=236,base16=0xec,base2=11101100 at position 9, packet length is 7, #escapeBytes is 0, remaining bytes is 1 
[2013-02-27 01:13:49,656] [InputStreamThread] [DEBUG] [com.rapplogic.xbee.api.PacketParser] Read Remaining bytes 1 byte, val is base10=236,base16=0xec,base2=11101100 
[2013-02-27 01:13:49,656] [InputStreamThread] [DEBUG] [com.rapplogic.xbee.api.PacketParser] Read byte base10=210,base16=0xd2,base2=11010010 at position 10, packet length is 7, #escapeBytes is 0, remaining bytes is 0 
[2013-02-27 01:13:49,656] [InputStreamThread] [DEBUG] [com.rapplogic.xbee.api.PacketParser] Checksum byte is 210 
[2013-02-27 01:13:49,656] [InputStreamThread] [DEBUG] [com.rapplogic.xbee.api.Checksum] verify checksum is 255 
[2013-02-27 01:13:49,657] [InputStreamThread] [DEBUG] [com.rapplogic.xbee.api.PacketParser] Read Checksum byte, val is base10=210,base16=0xd2,base2=11010010 
[2013-02-27 01:13:49,657] [InputStreamThread] [INFO] [com.rapplogic.xbee.api.InputStreamThread] Received packet from XBee: command=VR,status=OK,value=0x10,0xec,apiId=AT_RESPONSE (0x88),length=7,checksum=0xd2,error=false,frameId=0x01 
[2013-02-27 01:13:49,657] [InputStreamThread] [DEBUG] [com.rapplogic.xbee.api.InputStreamThread] Received packet: int[] packet = {0x00, 0x07, 0x88, 0x01, 0x56, 0x52, 0x00, 0x10, 0xec, 0xd2}; 
[2013-02-27 01:13:49,657] [main] [INFO] [com.rapplogic.xbee.api.XBee] Firmware version is 0x10,0xec 
[2013-02-27 01:13:49,711] [InputStreamThread] [INFO] [com.rapplogic.xbee.api.InputStreamThread] InputStreamThread is exiting 
[2013-02-27 01:14:27,098] [main] [DEBUG] [com.rapplogic.xbee.api.InputStreamThread] starting packet parser thread 
[2013-02-27 01:14:27,098] [InputStreamThread] [DEBUG] [com.rapplogic.xbee.api.InputStreamThread] No data available.. waiting for new data event 
[2013-02-27 01:14:27,103] [main] [INFO] [com.rapplogic.xbee.api.XBee] Sending request to XBee: apiId=AT_COMMAND (0x08),frameId=1,command=AP,value=null 
[2013-02-27 01:14:27,108] [main] [DEBUG] [com.rapplogic.xbee.api.Checksum] computed checksum is base10=101,base16=0x65,base2=01100101 
[2013-02-27 01:14:27,111] [main] [DEBUG] [com.rapplogic.xbee.api.XBeePacket] Packet: 0x7e 0x00 0x04 0x08 0x01 0x41 0x50 0x65 
[2013-02-27 01:14:27,111] [main] [DEBUG] [com.rapplogic.xbee.api.XBeePacket] pre-escape packet size is 8, post-escape packet size is 8 
[2013-02-27 01:14:27,111] [main] [INFO] [com.rapplogic.xbee.api.XBee] sending packet to XBee 0x7e,0x00,0x04,0x08,0x01,0x41,0x50,0x65 
[2013-02-27 01:14:27,125] [Thread-2] [DEBUG] [com.rapplogic.xbee.RxTxSerialComm] serialEvent: 1 bytes available 
[2013-02-27 01:14:27,125] [Thread-2] [DEBUG] [com.rapplogic.xbee.RxTxSerialComm] Ignoring serial port event type: 1 
[2013-02-27 01:14:27,125] [InputStreamThread] [DEBUG] [com.rapplogic.xbee.api.InputStreamThread] About to read from input stream 
[2013-02-27 01:14:27,125] [InputStreamThread] [DEBUG] [com.rapplogic.xbee.api.InputStreamThread] Read base10=126,base16=0x7e,base2=01111110 from input stream 
[2013-02-27 01:14:27,141] [InputStreamThread] [DEBUG] [com.rapplogic.xbee.api.PacketParser] Read Length MSB byte, val is base10=0,base16=0x00,base2=00000000 
[2013-02-27 01:14:27,141] [InputStreamThread] [DEBUG] [com.rapplogic.xbee.api.PacketParser] Read Length LSB byte, val is base10=6,base16=0x06,base2=00000110 
[2013-02-27 01:14:27,141] [InputStreamThread] [DEBUG] [com.rapplogic.xbee.api.PacketParser] packet length is base10=6,base16=0x06,base2=00000110 
[2013-02-27 01:14:27,141] [InputStreamThread] [DEBUG] [com.rapplogic.xbee.api.PacketParser] Read byte base10=136,base16=0x88,base2=10001000 at position 3, packet length is 6, #escapeBytes is 0, remaining bytes is 6 
[2013-02-27 01:14:27,141] [InputStreamThread] [DEBUG] [com.rapplogic.xbee.api.PacketParser] Read API ID byte, val is base10=136,base16=0x88,base2=10001000 
[2013-02-27 01:14:27,141] [InputStreamThread] [INFO] [com.rapplogic.xbee.api.PacketParser] Handling ApiId: AT_RESPONSE (0x88) 
[2013-02-27 01:14:27,142] [InputStreamThread] [DEBUG] [com.rapplogic.xbee.api.PacketParser] Read byte base10=1,base16=0x01,base2=00000001 at position 4, packet length is 6, #escapeBytes is 0, remaining bytes is 5 
[2013-02-27 01:14:27,142] [InputStreamThread] [DEBUG] [com.rapplogic.xbee.api.PacketParser] Read AT Response Frame Id byte, val is base10=1,base16=0x01,base2=00000001 
[2013-02-27 01:14:27,142] [InputStreamThread] [DEBUG] [com.rapplogic.xbee.api.PacketParser] Read byte base10=65,base16=0x41,base2=01000001 at position 5, packet length is 6, #escapeBytes is 0, remaining bytes is 4 
[2013-02-27 01:14:27,142] [InputStreamThread] [DEBUG] [com.rapplogic.xbee.api.PacketParser] Read AT Response Char 1 byte, val is base10=65,base16=0x41,base2=01000001 
[2013-02-27 01:14:27,142] [InputStreamThread] [DEBUG] [com.rapplogic.xbee.api.PacketParser] Read byte base10=80,base16=0x50,base2=01010000 at position 6, packet length is 6, #escapeBytes is 0, remaining bytes is 3 
[2013-02-27 01:14:27,143] [InputStreamThread] [DEBUG] [com.rapplogic.xbee.api.PacketParser] Read AT Response Char 2 byte, val is base10=80,base16=0x50,base2=01010000 
[2013-02-27 01:14:27,143] [InputStreamThread] [DEBUG] [com.rapplogic.xbee.api.PacketParser] Read byte base10=0,base16=0x00,base2=00000000 at position 7, packet length is 6, #escapeBytes is 0, remaining bytes is 2 
[2013-02-27 01:14:27,143] [InputStreamThread] [DEBUG] [com.rapplogic.xbee.api.PacketParser] Read AT Response Status byte, val is base10=0,base16=0x00,base2=00000000 
[2013-02-27 01:14:27,144] [InputStreamThread] [DEBUG] [com.rapplogic.xbee.api.PacketParser] There are 1 remaining bytes 
[2013-02-27 01:14:27,144] [InputStreamThread] [DEBUG] [com.rapplogic.xbee.api.PacketParser] Read byte base10=2,base16=0x02,base2=00000010 at position 8, packet length is 6, #escapeBytes is 0, remaining bytes is 1 
[2013-02-27 01:14:27,144] [InputStreamThread] [DEBUG] [com.rapplogic.xbee.api.PacketParser] Read Remaining bytes 0 byte, val is base10=2,base16=0x02,base2=00000010 
[2013-02-27 01:14:27,144] [InputStreamThread] [DEBUG] [com.rapplogic.xbee.api.PacketParser] Read byte base10=227,base16=0xe3,base2=11100011 at position 9, packet length is 6, #escapeBytes is 0, remaining bytes is 0 
[2013-02-27 01:14:27,144] [InputStreamThread] [DEBUG] [com.rapplogic.xbee.api.PacketParser] Checksum byte is 227 
[2013-02-27 01:14:27,145] [InputStreamThread] [DEBUG] [com.rapplogic.xbee.api.Checksum] verify checksum is 255 
[2013-02-27 01:14:27,145] [InputStreamThread] [DEBUG] [com.rapplogic.xbee.api.PacketParser] Read Checksum byte, val is base10=227,base16=0xe3,base2=11100011 
[2013-02-27 01:14:27,145] [InputStreamThread] [INFO] [com.rapplogic.xbee.api.InputStreamThread] Received packet from XBee: command=AP,status=OK,value=0x02,apiId=AT_RESPONSE (0x88),length=6,checksum=0xe3,error=false,frameId=0x01 
[2013-02-27 01:14:27,145] [InputStreamThread] [DEBUG] [com.rapplogic.xbee.api.InputStreamThread] Received packet: int[] packet = {0x00, 0x06, 0x88, 0x01, 0x41, 0x50, 0x00, 0x02, 0xe3}; 
[2013-02-27 01:14:27,148] [InputStreamThread] [DEBUG] [com.rapplogic.xbee.api.InputStreamThread] No data available.. waiting for new data event 
[2013-02-27 01:14:27,149] [main] [INFO] [com.rapplogic.xbee.api.XBee] Radio is in correct AP mode (AP=2) 
[2013-02-27 01:14:27,149] [main] [INFO] [com.rapplogic.xbee.api.XBee] Sending request to XBee: apiId=AT_COMMAND (0x08),frameId=1,command=HV,value=null 
[2013-02-27 01:14:27,150] [main] [DEBUG] [com.rapplogic.xbee.api.Checksum] computed checksum is base10=88,base16=0x58,base2=01011000 
[2013-02-27 01:14:27,150] [main] [DEBUG] [com.rapplogic.xbee.api.XBeePacket] Packet: 0x7e 0x00 0x04 0x08 0x01 0x48 0x56 0x58 
[2013-02-27 01:14:27,150] [main] [DEBUG] [com.rapplogic.xbee.api.XBeePacket] pre-escape packet size is 8, post-escape packet size is 8 
[2013-02-27 01:14:27,150] [main] [INFO] [com.rapplogic.xbee.api.XBee] sending packet to XBee 0x7e,0x00,0x04,0x08,0x01,0x48,0x56,0x58 
[2013-02-27 01:14:27,172] [Thread-2] [DEBUG] [com.rapplogic.xbee.RxTxSerialComm] serialEvent: 10 bytes available 
[2013-02-27 01:14:27,172] [Thread-2] [DEBUG] [com.rapplogic.xbee.RxTxSerialComm] Ignoring serial port event type: 1 
[2013-02-27 01:14:27,172] [InputStreamThread] [DEBUG] [com.rapplogic.xbee.api.InputStreamThread] About to read from input stream 
[2013-02-27 01:14:27,172] [InputStreamThread] [DEBUG] [com.rapplogic.xbee.api.InputStreamThread] Read base10=126,base16=0x7e,base2=01111110 from input stream 
[2013-02-27 01:14:27,172] [InputStreamThread] [DEBUG] [com.rapplogic.xbee.api.PacketParser] Read Length MSB byte, val is base10=0,base16=0x00,base2=00000000 
[2013-02-27 01:14:27,172] [InputStreamThread] [DEBUG] [com.rapplogic.xbee.api.PacketParser] Read Length LSB byte, val is base10=7,base16=0x07,base2=00000111 
[2013-02-27 01:14:27,173] [InputStreamThread] [DEBUG] [com.rapplogic.xbee.api.PacketParser] packet length is base10=7,base16=0x07,base2=00000111 
[2013-02-27 01:14:27,173] [InputStreamThread] [DEBUG] [com.rapplogic.xbee.api.PacketParser] Read byte base10=136,base16=0x88,base2=10001000 at position 3, packet length is 7, #escapeBytes is 0, remaining bytes is 7 
[2013-02-27 01:14:27,173] [InputStreamThread] [DEBUG] [com.rapplogic.xbee.api.PacketParser] Read API ID byte, val is base10=136,base16=0x88,base2=10001000 
[2013-02-27 01:14:27,173] [InputStreamThread] [INFO] [com.rapplogic.xbee.api.PacketParser] Handling ApiId: AT_RESPONSE (0x88) 
[2013-02-27 01:14:27,173] [InputStreamThread] [DEBUG] [com.rapplogic.xbee.api.PacketParser] Read byte base10=1,base16=0x01,base2=00000001 at position 4, packet length is 7, #escapeBytes is 0, remaining bytes is 6 
[2013-02-27 01:14:27,173] [InputStreamThread] [DEBUG] [com.rapplogic.xbee.api.PacketParser] Read AT Response Frame Id byte, val is base10=1,base16=0x01,base2=00000001 
[2013-02-27 01:14:27,173] [InputStreamThread] [DEBUG] [com.rapplogic.xbee.api.PacketParser] Read byte base10=72,base16=0x48,base2=01001000 at position 5, packet length is 7, #escapeBytes is 0, remaining bytes is 5 
[2013-02-27 01:14:27,173] [InputStreamThread] [DEBUG] [com.rapplogic.xbee.api.PacketParser] Read AT Response Char 1 byte, val is base10=72,base16=0x48,base2=01001000 
[2013-02-27 01:14:27,174] [InputStreamThread] [DEBUG] [com.rapplogic.xbee.api.PacketParser] Read byte base10=86,base16=0x56,base2=01010110 at position 6, packet length is 7, #escapeBytes is 0, remaining bytes is 4 
[2013-02-27 01:14:27,174] [InputStreamThread] [DEBUG] [com.rapplogic.xbee.api.PacketParser] Read AT Response Char 2 byte, val is base10=86,base16=0x56,base2=01010110 
[2013-02-27 01:14:27,174] [InputStreamThread] [DEBUG] [com.rapplogic.xbee.api.PacketParser] Read byte base10=0,base16=0x00,base2=00000000 at position 7, packet length is 7, #escapeBytes is 0, remaining bytes is 3 
[2013-02-27 01:14:27,174] [InputStreamThread] [DEBUG] [com.rapplogic.xbee.api.PacketParser] Read AT Response Status byte, val is base10=0,base16=0x00,base2=00000000 
[2013-02-27 01:14:27,174] [InputStreamThread] [DEBUG] [com.rapplogic.xbee.api.PacketParser] There are 2 remaining bytes 
[2013-02-27 01:14:27,174] [InputStreamThread] [DEBUG] [com.rapplogic.xbee.api.PacketParser] Read byte base10=23,base16=0x17,base2=00010111 at position 8, packet length is 7, #escapeBytes is 0, remaining bytes is 2 
[2013-02-27 01:14:27,174] [InputStreamThread] [DEBUG] [com.rapplogic.xbee.api.PacketParser] Read Remaining bytes 0 byte, val is base10=23,base16=0x17,base2=00010111 
[2013-02-27 01:14:27,174] [InputStreamThread] [DEBUG] [com.rapplogic.xbee.api.PacketParser] Read byte base10=67,base16=0x43,base2=01000011 at position 9, packet length is 7, #escapeBytes is 0, remaining bytes is 1 
[2013-02-27 01:14:27,175] [InputStreamThread] [DEBUG] [com.rapplogic.xbee.api.PacketParser] Read Remaining bytes 1 byte, val is base10=67,base16=0x43,base2=01000011 
[2013-02-27 01:14:27,188] [InputStreamThread] [DEBUG] [com.rapplogic.xbee.api.PacketParser] Read special byte that needs to be unescaped 
[2013-02-27 01:14:27,188] [InputStreamThread] [DEBUG] [com.rapplogic.xbee.api.PacketParser] found escape byte 
[2013-02-27 01:14:27,188] [InputStreamThread] [DEBUG] [com.rapplogic.xbee.api.PacketParser] next byte is base10=94,base16=0x5e,base2=01011110 
[2013-02-27 01:14:27,188] [InputStreamThread] [DEBUG] [com.rapplogic.xbee.api.PacketParser] unescaped (xor) byte is base10=126,base16=0x7e,base2=01111110 
[2013-02-27 01:14:27,188] [InputStreamThread] [DEBUG] [com.rapplogic.xbee.api.PacketParser] Read byte base10=126,base16=0x7e,base2=01111110 at position 10, packet length is 7, #escapeBytes is 1, remaining bytes is 0 
[2013-02-27 01:14:27,188] [InputStreamThread] [DEBUG] [com.rapplogic.xbee.api.PacketParser] Checksum byte is 126 
[2013-02-27 01:14:27,188] [InputStreamThread] [DEBUG] [com.rapplogic.xbee.api.Checksum] verify checksum is 255 
[2013-02-27 01:14:27,189] [InputStreamThread] [DEBUG] [com.rapplogic.xbee.api.PacketParser] Read Checksum byte, val is base10=126,base16=0x7e,base2=01111110 
[2013-02-27 01:14:27,189] [InputStreamThread] [INFO] [com.rapplogic.xbee.api.InputStreamThread] Received packet from XBee: command=HV,status=OK,value=0x17,0x43,apiId=AT_RESPONSE (0x88),length=7,checksum=0x7e,error=false,frameId=0x01 
[2013-02-27 01:14:27,189] [InputStreamThread] [DEBUG] [com.rapplogic.xbee.api.InputStreamThread] Received packet: int[] packet = {0x00, 0x07, 0x88, 0x01, 0x48, 0x56, 0x00, 0x17, 0x43, 0x7d, 0x5e}; 
[2013-02-27 01:14:27,189] [InputStreamThread] [DEBUG] [com.rapplogic.xbee.api.InputStreamThread] No data available.. waiting for new data event 
[2013-02-27 01:14:27,189] [main] [INFO] [com.rapplogic.xbee.api.XBee] XBee radio is Series 1 
[2013-02-27 01:14:27,189] [main] [INFO] [com.rapplogic.xbee.api.XBee] Sending request to XBee: apiId=AT_COMMAND (0x08),frameId=1,command=VR,value=null 
[2013-02-27 01:14:27,189] [main] [DEBUG] [com.rapplogic.xbee.api.Checksum] computed checksum is base10=78,base16=0x4e,base2=01001110 
[2013-02-27 01:14:27,190] [main] [DEBUG] [com.rapplogic.xbee.api.XBeePacket] Packet: 0x7e 0x00 0x04 0x08 0x01 0x56 0x52 0x4e 
[2013-02-27 01:14:27,190] [main] [DEBUG] [com.rapplogic.xbee.api.XBeePacket] pre-escape packet size is 8, post-escape packet size is 8 
[2013-02-27 01:14:27,190] [main] [INFO] [com.rapplogic.xbee.api.XBee] sending packet to XBee 0x7e,0x00,0x04,0x08,0x01,0x56,0x52,0x4e 
[2013-02-27 01:14:27,207] [Thread-2] [DEBUG] [com.rapplogic.xbee.RxTxSerialComm] serialEvent: 3 bytes available 
[2013-02-27 01:14:27,208] [Thread-2] [DEBUG] [com.rapplogic.xbee.RxTxSerialComm] Ignoring serial port event type: 1 
[2013-02-27 01:14:27,208] [InputStreamThread] [DEBUG] [com.rapplogic.xbee.api.InputStreamThread] About to read from input stream 
[2013-02-27 01:14:27,208] [InputStreamThread] [DEBUG] [com.rapplogic.xbee.api.InputStreamThread] Read base10=126,base16=0x7e,base2=01111110 from input stream 
[2013-02-27 01:14:27,208] [InputStreamThread] [DEBUG] [com.rapplogic.xbee.api.PacketParser] Read Length MSB byte, val is base10=0,base16=0x00,base2=00000000 
[2013-02-27 01:14:27,208] [InputStreamThread] [DEBUG] [com.rapplogic.xbee.api.PacketParser] Read Length LSB byte, val is base10=7,base16=0x07,base2=00000111 
[2013-02-27 01:14:27,208] [InputStreamThread] [DEBUG] [com.rapplogic.xbee.api.PacketParser] packet length is base10=7,base16=0x07,base2=00000111 
[2013-02-27 01:14:27,220] [InputStreamThread] [DEBUG] [com.rapplogic.xbee.api.PacketParser] Read byte base10=136,base16=0x88,base2=10001000 at position 3, packet length is 7, #escapeBytes is 0, remaining bytes is 7 
[2013-02-27 01:14:27,220] [InputStreamThread] [DEBUG] [com.rapplogic.xbee.api.PacketParser] Read API ID byte, val is base10=136,base16=0x88,base2=10001000 
[2013-02-27 01:14:27,220] [InputStreamThread] [INFO] [com.rapplogic.xbee.api.PacketParser] Handling ApiId: AT_RESPONSE (0x88) 
[2013-02-27 01:14:27,220] [InputStreamThread] [DEBUG] [com.rapplogic.xbee.api.PacketParser] Read byte base10=1,base16=0x01,base2=00000001 at position 4, packet length is 7, #escapeBytes is 0, remaining bytes is 6 
[2013-02-27 01:14:27,220] [InputStreamThread] [DEBUG] [com.rapplogic.xbee.api.PacketParser] Read AT Response Frame Id byte, val is base10=1,base16=0x01,base2=00000001 
[2013-02-27 01:14:27,220] [InputStreamThread] [DEBUG] [com.rapplogic.xbee.api.PacketParser] Read byte base10=86,base16=0x56,base2=01010110 at position 5, packet length is 7, #escapeBytes is 0, remaining bytes is 5 
[2013-02-27 01:14:27,221] [InputStreamThread] [DEBUG] [com.rapplogic.xbee.api.PacketParser] Read AT Response Char 1 byte, val is base10=86,base16=0x56,base2=01010110 
[2013-02-27 01:14:27,221] [InputStreamThread] [DEBUG] [com.rapplogic.xbee.api.PacketParser] Read byte base10=82,base16=0x52,base2=01010010 at position 6, packet length is 7, #escapeBytes is 0, remaining bytes is 4 
[2013-02-27 01:14:27,221] [InputStreamThread] [DEBUG] [com.rapplogic.xbee.api.PacketParser] Read AT Response Char 2 byte, val is base10=82,base16=0x52,base2=01010010 
[2013-02-27 01:14:27,221] [InputStreamThread] [DEBUG] [com.rapplogic.xbee.api.PacketParser] Read byte base10=0,base16=0x00,base2=00000000 at position 7, packet length is 7, #escapeBytes is 0, remaining bytes is 3 
[2013-02-27 01:14:27,221] [InputStreamThread] [DEBUG] [com.rapplogic.xbee.api.PacketParser] Read AT Response Status byte, val is base10=0,base16=0x00,base2=00000000 
[2013-02-27 01:14:27,221] [InputStreamThread] [DEBUG] [com.rapplogic.xbee.api.PacketParser] There are 2 remaining bytes 
[2013-02-27 01:14:27,221] [InputStreamThread] [DEBUG] [com.rapplogic.xbee.api.PacketParser] Read byte base10=16,base16=0x10,base2=00010000 at position 8, packet length is 7, #escapeBytes is 0, remaining bytes is 2 
[2013-02-27 01:14:27,221] [InputStreamThread] [DEBUG] [com.rapplogic.xbee.api.PacketParser] Read Remaining bytes 0 byte, val is base10=16,base16=0x10,base2=00010000 
[2013-02-27 01:14:27,221] [InputStreamThread] [DEBUG] [com.rapplogic.xbee.api.PacketParser] Read byte base10=236,base16=0xec,base2=11101100 at position 9, packet length is 7, #escapeBytes is 0, remaining bytes is 1 
[2013-02-27 01:14:27,222] [InputStreamThread] [DEBUG] [com.rapplogic.xbee.api.PacketParser] Read Remaining bytes 1 byte, val is base10=236,base16=0xec,base2=11101100 
[2013-02-27 01:14:27,222] [InputStreamThread] [DEBUG] [com.rapplogic.xbee.api.PacketParser] Read byte base10=210,base16=0xd2,base2=11010010 at position 10, packet length is 7, #escapeBytes is 0, remaining bytes is 0 
[2013-02-27 01:14:27,222] [InputStreamThread] [DEBUG] [com.rapplogic.xbee.api.PacketParser] Checksum byte is 210 
[2013-02-27 01:14:27,222] [InputStreamThread] [DEBUG] [com.rapplogic.xbee.api.Checksum] verify checksum is 255 
[2013-02-27 01:14:27,222] [InputStreamThread] [DEBUG] [com.rapplogic.xbee.api.PacketParser] Read Checksum byte, val is base10=210,base16=0xd2,base2=11010010 
[2013-02-27 01:14:27,222] [InputStreamThread] [INFO] [com.rapplogic.xbee.api.InputStreamThread] Received packet from XBee: command=VR,status=OK,value=0x10,0xec,apiId=AT_RESPONSE (0x88),length=7,checksum=0xd2,error=false,frameId=0x01 
[2013-02-27 01:14:27,222] [InputStreamThread] [DEBUG] [com.rapplogic.xbee.api.InputStreamThread] Received packet: int[] packet = {0x00, 0x07, 0x88, 0x01, 0x56, 0x52, 0x00, 0x10, 0xec, 0xd2}; 
[2013-02-27 01:14:27,223] [InputStreamThread] [DEBUG] [com.rapplogic.xbee.api.InputStreamThread] No data available.. waiting for new data event 
[2013-02-27 01:14:27,223] [main] [INFO] [com.rapplogic.xbee.api.XBee] Firmware version is 0x10,0xec 
[2013-02-27 01:14:27,223] [InputStreamThread] [INFO] [com.rapplogic.xbee.api.InputStreamThread] Packet parser thread was interrupted.  This occurs when close() is called 
[2013-02-27 01:14:27,279] [InputStreamThread] [INFO] [com.rapplogic.xbee.api.InputStreamThread] InputStreamThread is exiting 
